1   HIToolbox                           0x00000001a9f0ad4c _ZN15MenuBarInstance21IsAutoShowHideAllowedEv + 284
2   HIToolbox                           0x00000001a9de4230 _ZN15MenuBarInstance24UpdateAutoShowVisibilityE5Pointh + 40
3   HIToolbox                           0x00000001a9de4184 _ZN15MenuBarInstance14EnableAutoShowEv + 56
4   HIToolbox                           0x00000001a9d87310 SetMenuBarObscured + 372
5   HIToolbox                           0x00000001a9d86ee8 _ZN13HIApplication15HandleActivatedEP14OpaqueEventRefhP15OpaqueWindowPtrh + 172
6   HIToolbox                           0x00000001a9d80fcc _ZN13HIApplication13EventObserverEjP14OpaqueEventRefPv + 296
7   HIToolbox                           0x00000001a9d47cd0 _NotifyEventLoopObservers + 176
8   HIToolbox                           0x00000001a9d8096c AcquireEventFromQueue + 432
9   HIToolbox                           0x00000001a9d6fc84 ReceiveNextEventCommon + 320
10  HIToolbox                           0x00000001a9d6fb2c _BlockUntilNextEventMatchingListInModeWithFilter + 72
11  AppKit                              0x00000001a391c424 _DPSNextEvent + 632
12  AppKit                              0x00000001a391b5b4 -[NSApplication(NSEvent) _nextEventMatchingEventMask:untilDate:inMode:dequeue:] + 728
13  AppKit                              0x00000001a390f9e4 -[NSApplication run] + 464
14  so_long                             0x0000000104eb4b2c mlx_loop + 116
15  so_long                             0x0000000104eb6814 main + 296
16  dyld                                0x00000001a0293e50 start + 2544
1   HIToolbox                           0x00000001a9f0ad4c _ZN15MenuBarInstance21IsAutoShowHideAllowedEv + 284
2   HIToolbox                           0x00000001a9de4230 _ZN15MenuBarInstance24UpdateAutoShowVisibilityE5Pointh + 40
3   HIToolbox                           0x00000001a9de8380 _ZL19AutoShowHideHandlerP25OpaqueEventHandlerCallRefP14OpaqueEventRefPv + 104
4   HIToolbox                           0x00000001a9d484c0 _ZL23DispatchEventToHandlersP14EventTargetRecP14OpaqueEventRefP14HandlerCallRec + 1092
5   HIToolbox                           0x00000001a9d47940 _ZL30SendEventToEventTargetInternalP14OpaqueEventRefP20OpaqueEventTargetRefP14HandlerCallRec + 356
6   HIToolbox                           0x00000001a9d477d0 SendEventToEventTargetWithOptions + 44
7   HIToolbox                           0x00000001a9d879cc _ZL29ToolboxEventDispatcherHandlerP25OpaqueEventHandlerCallRefP14OpaqueEventRefPv + 472
8   HIToolbox                           0x00000001a9d48968 _ZL23DispatchEventToHandlersP14EventTargetRecP14OpaqueEventRefP14HandlerCallRec + 2284
9   HIToolbox                           0x00000001a9d47940 _ZL30SendEventToEventTargetInternalP14OpaqueEventRefP20OpaqueEventTargetRefP14HandlerCallRec + 356
10  HIToolbox                           0x00000001a9d5dbb8 SendEventToEventTarget + 40
11  AppKit                              0x00000001a391bad8 -[NSApplication(NSEvent) _nextEventMatchingEventMask:untilDate:inMode:dequeue:] + 2044
12  AppKit                              0x00000001a390f9e4 -[NSApplication run] + 464
13  so_long                             0x0000000104eb4b2c mlx_loop + 116
14  so_long                             0x0000000104eb6814 main + 296
15  dyld                                0x00000001a0293e50 start + 2544
1   HIToolbox                           0x00000001a9de45c8 _ZN15MenuBarInstance22EnsureAutoShowObserverEv + 120
2   HIToolbox                           0x00000001a9dae478 _ZL17BroadcastInternaljPvh + 184
3   SkyLight                            0x00000001a52c44dc _ZN12_GLOBAL__N_123notify_datagram_handlerEj15CGSDatagramTypePvmS1_ + 896
4   SkyLight                            0x00000001a55f04c4 _ZN21CGSDatagramReadStream26dispatchMainQueueDatagramsEv + 228
5   SkyLight                            0x00000001a55f03c0 ___ZN21CGSDatagramReadStream15mainQueueWakeupEv_block_invoke + 28
6   libdispatch.dylib                   0x00000001a04349dc _dispatch_call_block_and_release + 32
7   libdispatch.dylib                   0x00000001a0436504 _dispatch_client_callout + 20
8   libdispatch.dylib                   0x00000001a0444d1c _dispatch_main_queue_drain + 928
9   libdispatch.dylib                   0x00000001a044496c _dispatch_main_queue_callback_4CF + 44
10  CoreFoundation                      0x00000001a06ddd50 __CFRUNLOOP_IS_SERVICING_THE_MAIN_DISPATCH_QUEUE__ + 16
11  CoreFoundation                      0x00000001a069b7d0 __CFRunLoopRun + 2036
12  CoreFoundation                      0x00000001a069a888 CFRunLoopRunSpecific + 612
13  HIToolbox                           0x00000001a9d6ffa0 RunCurrentEventLoopInMode + 292
14  HIToolbox                           0x00000001a9d6fde4 ReceiveNextEventCommon + 672
15  HIToolbox                           0x00000001a9d6fb2c _BlockUntilNextEventMatchingListInModeWithFilter + 72
16  AppKit                              0x00000001a391c424 _DPSNextEvent + 632
17  AppKit                              0x00000001a391b5b4 -[NSApplication(NSEvent) _nextEventMatchingEventMask:untilDate:inMode:dequeue:] + 728
18  AppKit                              0x00000001a390f9e4 -[NSApplication run] + 464
19  so_long                             0x0000000104eb4b2c mlx_loop + 116
20  so_long                             0x0000000104eb6814 main + 296
21  dyld                                0x00000001a0293e50 start + 2544
1   HIToolbox                           0x00000001a9d6f90c _ZN15MenuBarInstance22RemoveAutoShowObserverEv + 44
2   HIToolbox                           0x00000001a9d87214 SetMenuBarObscured + 120
3   HIToolbox                           0x00000001a9d8e390 _ZN13HIApplication11FrontUILostEv + 44
4   HIToolbox                           0x00000001a9d8704c _ZN13HIApplication15HandleActivatedEP14OpaqueEventRefhP15OpaqueWindowPtrh + 528
5   HIToolbox                           0x00000001a9d80f70 _ZN13HIApplication13EventObserverEjP14OpaqueEventRefPv + 204
6   HIToolbox                           0x00000001a9d47cd0 _NotifyEventLoopObservers + 176
7   HIToolbox                           0x00000001a9d8096c AcquireEventFromQueue + 432
8   HIToolbox                           0x00000001a9d6fc84 ReceiveNextEventCommon + 320
9   HIToolbox                           0x00000001a9d6fb2c _BlockUntilNextEventMatchingListInModeWithFilter + 72
10  AppKit                              0x00000001a391c424 _DPSNextEvent + 632
11  AppKit                              0x00000001a391b5b4 -[NSApplication(NSEvent) _nextEventMatchingEventMask:untilDate:inMode:dequeue:] + 728
12  AppKit                              0x00000001a390f9e4 -[NSApplication run] + 464
13  so_long                             0x0000000104eb4b2c mlx_loop + 116
14  so_long                             0x0000000104eb6814 main + 296
15  dyld                                0x00000001a0293e50 start + 2544
